2025-07-09 22:14:10,922 - INFO - Data Ingestion started ..

2025-07-09 22:14:11,019 - INFO - Data Ingestion Complete ..

2025-07-09 22:14:14,735 - INFO - Data Preprocessing Started ..

2025-07-09 22:14:17,739 - INFO - Data Preprocessing Complete ..

2025-07-09 22:14:17,831 - INFO - Fold 1/2 ..

2025-07-09 22:14:17,831 - INFO - GRU instantiated with 23361 params ..

2025-07-09 22:14:18,440 - INFO - Training started on GRU ..

2025-07-09 22:14:43,208 - INFO - Epoch 1/1  Train MAE: 2.1991   Val MAE: 1.5222   LR=2.20e-03

2025-07-09 22:14:43,208 - INFO - Training finished ..

2025-07-09 22:14:43,208 - INFO - Avg epoch time 24.77s

2025-07-09 22:14:43,208 - INFO - Saving the model ..

2025-07-09 22:14:43,215 - INFO - Saving Complete ..

2025-07-09 22:14:43,215 - INFO - Loading the model ..

2025-07-09 22:14:43,219 - INFO - Model loaded ..

2025-07-09 22:14:43,219 - INFO - Running Evaluation on the test set ..

2025-07-09 22:14:46,233 - INFO - Final MAE on test data for fold 1: 1.4806, MAPE: 0.0638

2025-07-09 22:14:46,233 - INFO - Evaluation complete ..

2025-07-09 22:14:46,238 - INFO - Fold 2/2 ..

2025-07-09 22:14:46,238 - INFO - GRU instantiated with 23361 params ..

2025-07-09 22:14:46,265 - INFO - Training started on GRU ..

2025-07-09 22:15:10,755 - INFO - Epoch 1/1  Train MAE: 2.2332   Val MAE: 1.4803   LR=2.20e-03

2025-07-09 22:15:10,756 - INFO - Training finished ..

2025-07-09 22:15:10,756 - INFO - Saving the model ..

2025-07-09 22:15:10,762 - INFO - Saving Complete ..

2025-07-09 22:15:10,762 - INFO - Loading the model ..

2025-07-09 22:15:10,767 - INFO - Model loaded ..

2025-07-09 22:15:10,768 - INFO - Running Evaluation on the test set ..

2025-07-09 22:15:13,739 - INFO - Final MAE on test data for fold 2: 1.4823, MAPE: 0.0644

2025-07-09 22:15:13,739 - INFO - Evaluation complete ..

2025-07-09 22:15:13,739 - INFO - MAE across folds : [1.4805810451507568, 1.482343077659607]

2025-07-09 22:15:13,739 - INFO - Avg MAE across folds: 1.4814620614051819

2025-07-09 22:15:13,751 - INFO - Fold 1/2 ..

2025-07-09 22:15:13,751 - INFO - LSTM instantiated with 25473 params ..

2025-07-09 22:15:13,776 - INFO - Training started on LSTM ..

2025-07-09 22:15:36,052 - INFO - Epoch 1/1  Train MAE: 2.1922   Val MAE: 1.4253   LR=2.20e-03

2025-07-09 22:15:36,052 - INFO - Training finished ..

2025-07-09 22:15:36,052 - INFO - Avg epoch time 22.28s

2025-07-09 22:15:36,052 - INFO - Saving the model ..

2025-07-09 22:15:36,059 - INFO - Saving Complete ..

2025-07-09 22:15:36,059 - INFO - Loading the model ..

2025-07-09 22:15:36,064 - INFO - Model loaded ..

2025-07-09 22:15:36,064 - INFO - Running Evaluation on the test set ..

2025-07-09 22:15:38,740 - INFO - Final MAE on test data for fold 1: 1.3750, MAPE: 0.0562

2025-07-09 22:15:38,740 - INFO - Evaluation complete ..

2025-07-09 22:15:38,744 - INFO - Fold 2/2 ..

2025-07-09 22:15:38,744 - INFO - LSTM instantiated with 25473 params ..

2025-07-09 22:15:38,770 - INFO - Training started on LSTM ..

2025-07-09 22:16:01,214 - INFO - Epoch 1/1  Train MAE: 2.3003   Val MAE: 1.6526   LR=2.20e-03

2025-07-09 22:16:01,214 - INFO - Training finished ..

2025-07-09 22:16:01,214 - INFO - Saving the model ..

2025-07-09 22:16:01,221 - INFO - Saving Complete ..

2025-07-09 22:16:01,221 - INFO - Loading the model ..

2025-07-09 22:16:01,226 - INFO - Model loaded ..

2025-07-09 22:16:01,226 - INFO - Running Evaluation on the test set ..

2025-07-09 22:16:04,153 - INFO - Final MAE on test data for fold 2: 1.6607, MAPE: 0.0638

2025-07-09 22:16:04,153 - INFO - Evaluation complete ..

2025-07-09 22:16:04,153 - INFO - MAE across folds : [1.3749526739120483, 1.6606862545013428]

2025-07-09 22:16:04,153 - INFO - Avg MAE across folds: 1.5178194642066956

2025-07-09 22:16:04,163 - INFO - Fold 1/2 ..

2025-07-09 22:16:04,163 - INFO - RNN instantiated with 19137 params ..

2025-07-09 22:16:04,187 - INFO - Training started on RNN ..

2025-07-09 22:16:28,310 - INFO - Epoch 1/1  Train MAE: 2.1523   Val MAE: 1.4265   LR=2.20e-03

2025-07-09 22:16:28,310 - INFO - Training finished ..

2025-07-09 22:16:28,310 - INFO - Avg epoch time 24.12s

2025-07-09 22:16:28,310 - INFO - Saving the model ..

2025-07-09 22:16:28,316 - INFO - Saving Complete ..

2025-07-09 22:16:28,317 - INFO - Loading the model ..

2025-07-09 22:16:28,321 - INFO - Model loaded ..

2025-07-09 22:16:28,321 - INFO - Running Evaluation on the test set ..

2025-07-09 22:16:31,243 - INFO - Final MAE on test data for fold 1: 1.3937, MAPE: 0.0604

2025-07-09 22:16:31,244 - INFO - Evaluation complete ..

2025-07-09 22:16:31,249 - INFO - Fold 2/2 ..

2025-07-09 22:16:31,249 - INFO - RNN instantiated with 19137 params ..

2025-07-09 22:16:31,273 - INFO - Training started on RNN ..

2025-07-09 22:16:54,746 - INFO - Epoch 1/1  Train MAE: 2.2584   Val MAE: 1.4484   LR=2.20e-03

2025-07-09 22:16:54,746 - INFO - Training finished ..

2025-07-09 22:16:54,746 - INFO - Saving the model ..

2025-07-09 22:16:54,753 - INFO - Saving Complete ..

2025-07-09 22:16:54,753 - INFO - Loading the model ..

2025-07-09 22:16:54,757 - INFO - Model loaded ..

2025-07-09 22:16:54,757 - INFO - Running Evaluation on the test set ..

2025-07-09 22:16:57,495 - INFO - Final MAE on test data for fold 2: 1.4380, MAPE: 0.0598

2025-07-09 22:16:57,495 - INFO - Evaluation complete ..

2025-07-09 22:16:57,495 - INFO - MAE across folds : [1.3936927318572998, 1.4379611015319824]

2025-07-09 22:16:57,495 - INFO - Avg MAE across folds: 1.4158269166946411

2025-07-09 22:16:57,499 - INFO - Initiating Model Eval comparisons ..
2025-07-09 22:16:57,741 - INFO - Model Eval comparisons Complete ..
2025-07-09 22:16:57,741 - INFO - Initiating Model Feature Imp using ShAp ..
2025-07-09 22:16:58,558 - INFO - num_full_subsets = 1
2025-07-09 22:16:58,558 - INFO - remaining_weight_vector = array([0.15301406, 0.10438169, 0.08015022, 0.06568408, 0.05610516,
       0.04932321, 0.04429354, 0.04043615, 0.03740344, 0.03497464,
       0.03300303, 0.0313875 , 0.03005633, 0.0289575 , 0.02805258,
       0.02731285, 0.02671674, 0.02624803, 0.02589469, 0.02564807,
       0.02550234, 0.02545414])
2025-07-09 22:16:58,558 - INFO - num_paired_subset_sizes = 22
2025-07-09 22:16:58,573 - INFO - weight_left = 0.7674097178519277
2025-07-09 22:16:58,649 - INFO - np.sum(w_aug) = 46.000000000000014
2025-07-09 22:16:58,649 - INFO - np.sum(self.kernelWeights) = 1.0000000000000004
2025-07-09 22:16:58,653 - INFO - phi = array([ 0.        ,  0.        ,  0.78382645,  0.        , -0.94205271,
        0.        ,  0.        , -1.82366664,  0.        ,  0.        ,
        0.        ,  0.        ,  0.        ,  0.        ,  0.        ,
        0.        ,  0.        ,  0.        ,  0.        ,  0.        ,
        0.        ,  0.        ,  0.        ,  0.        ,  0.        ,
        0.        ,  0.        , -0.55859288,  0.        ,  0.        ,
       -0.54113258,  0.        , -2.06021736,  0.        , -1.96759337,
       -1.7184418 , -2.31452093,  0.        ,  0.        ,  0.        ,
        0.        ,  0.        ,  0.        ,  0.        ,  0.74834103,
        0.        ])
2025-07-09 22:16:58,660 - INFO - num_full_subsets = 1
2025-07-09 22:16:58,660 - INFO - remaining_weight_vector = array([0.15301406, 0.10438169, 0.08015022, 0.06568408, 0.05610516,
       0.04932321, 0.04429354, 0.04043615, 0.03740344, 0.03497464,
       0.03300303, 0.0313875 , 0.03005633, 0.0289575 , 0.02805258,
       0.02731285, 0.02671674, 0.02624803, 0.02589469, 0.02564807,
       0.02550234, 0.02545414])
2025-07-09 22:16:58,660 - INFO - num_paired_subset_sizes = 22
2025-07-09 22:16:58,674 - INFO - weight_left = 0.7674097178519277
2025-07-09 22:16:58,684 - INFO - np.sum(w_aug) = 46.000000000000014
2025-07-09 22:16:58,684 - INFO - np.sum(self.kernelWeights) = 1.0000000000000004
2025-07-09 22:16:58,688 - INFO - phi = array([0.        , 0.        , 0.        , 0.        , 0.72403333,
       0.        , 0.        , 1.99811672, 0.        , 0.        ,
       0.        , 0.        , 0.        , 0.        , 0.        ,
       0.        , 0.        , 0.        , 0.        , 0.        ,
       0.        , 0.        , 0.        , 0.        , 0.        ,
       0.        , 1.02399112, 0.23497169, 0.        , 0.        ,
       1.21321733, 0.34157107, 1.79727892, 0.        , 1.47573854,
       1.16053868, 2.06775669, 0.        , 0.        , 0.        ,
       0.        , 0.        , 0.        , 0.        , 0.        ,
       0.        ])
2025-07-09 22:16:58,695 - INFO - num_full_subsets = 1
2025-07-09 22:16:58,695 - INFO - remaining_weight_vector = array([0.15301406, 0.10438169, 0.08015022, 0.06568408, 0.05610516,
       0.04932321, 0.04429354, 0.04043615, 0.03740344, 0.03497464,
       0.03300303, 0.0313875 , 0.03005633, 0.0289575 , 0.02805258,
       0.02731285, 0.02671674, 0.02624803, 0.02589469, 0.02564807,
       0.02550234, 0.02545414])
2025-07-09 22:16:58,695 - INFO - num_paired_subset_sizes = 22
2025-07-09 22:16:58,710 - INFO - weight_left = 0.7674097178519277
2025-07-09 22:16:58,719 - INFO - np.sum(w_aug) = 46.000000000000014
2025-07-09 22:16:58,720 - INFO - np.sum(self.kernelWeights) = 1.0000000000000004
2025-07-09 22:16:58,723 - INFO - phi = array([ 0.        ,  0.        ,  0.        ,  0.        , -1.67977078,
        0.        ,  0.        , -4.23184614,  0.        ,  0.        ,
        0.        , -0.28287369,  0.        ,  0.        ,  0.        ,
        0.        ,  0.        ,  0.        ,  0.        ,  0.        ,
        0.        ,  0.        ,  0.        ,  0.        ,  0.        ,
        0.        , -1.11404237,  0.        ,  0.        ,  0.        ,
       -1.38269968,  0.        , -3.34866121,  0.        , -3.3460314 ,
       -3.21481138, -3.50690359,  0.        ,  0.        ,  0.        ,
        0.        ,  0.        ,  0.        ,  0.        ,  0.        ,
       -0.71619532])
2025-07-09 22:16:58,729 - INFO - num_full_subsets = 1
2025-07-09 22:16:58,730 - INFO - remaining_weight_vector = array([0.15301406, 0.10438169, 0.08015022, 0.06568408, 0.05610516,
       0.04932321, 0.04429354, 0.04043615, 0.03740344, 0.03497464,
       0.03300303, 0.0313875 , 0.03005633, 0.0289575 , 0.02805258,
       0.02731285, 0.02671674, 0.02624803, 0.02589469, 0.02564807,
       0.02550234, 0.02545414])
2025-07-09 22:16:58,730 - INFO - num_paired_subset_sizes = 22
2025-07-09 22:16:58,745 - INFO - weight_left = 0.7674097178519277
2025-07-09 22:16:58,755 - INFO - np.sum(w_aug) = 46.000000000000014
2025-07-09 22:16:58,756 - INFO - np.sum(self.kernelWeights) = 1.0000000000000004
2025-07-09 22:16:58,760 - INFO - phi = array([ 0.        ,  0.        ,  0.        ,  0.        , -0.96364782,
        1.08499116,  0.        , -1.48564444,  0.        ,  0.        ,
        0.        ,  0.        ,  0.        ,  0.        ,  0.        ,
        0.        ,  0.        ,  0.        ,  0.        ,  0.        ,
        0.        ,  0.        ,  0.        ,  0.        ,  0.        ,
        0.        ,  0.        ,  0.        ,  0.        ,  0.        ,
       -0.31866988,  0.        , -1.5730138 ,  0.        , -1.53479609,
       -1.48858044, -1.33649345,  0.        ,  0.        ,  0.        ,
        0.        ,  0.        ,  0.        ,  0.        , -0.18189104,
       -0.23999128])
2025-07-09 22:16:58,766 - INFO - num_full_subsets = 1
2025-07-09 22:16:58,766 - INFO - remaining_weight_vector = array([0.15301406, 0.10438169, 0.08015022, 0.06568408, 0.05610516,
       0.04932321, 0.04429354, 0.04043615, 0.03740344, 0.03497464,
       0.03300303, 0.0313875 , 0.03005633, 0.0289575 , 0.02805258,
       0.02731285, 0.02671674, 0.02624803, 0.02589469, 0.02564807,
       0.02550234, 0.02545414])
2025-07-09 22:16:58,766 - INFO - num_paired_subset_sizes = 22
2025-07-09 22:16:58,781 - INFO - weight_left = 0.7674097178519277
2025-07-09 22:16:58,792 - INFO - np.sum(w_aug) = 46.000000000000014
2025-07-09 22:16:58,792 - INFO - np.sum(self.kernelWeights) = 1.0000000000000004
2025-07-09 22:16:58,796 - INFO - phi = array([ 0.        ,  0.        ,  0.        ,  0.        , -1.01381212,
        0.        ,  0.        , -1.66355208,  0.        ,  0.        ,
        0.        ,  0.        ,  0.        ,  0.        ,  0.        ,
        0.        ,  0.        ,  0.        ,  0.        ,  0.        ,
        0.        ,  0.        ,  0.        ,  0.        ,  0.        ,
        0.        ,  0.        ,  1.50117987,  0.        ,  0.        ,
       -0.1379877 ,  0.        , -1.57685132,  0.        , -1.55881763,
       -1.69907943, -1.26848239,  0.        ,  0.        ,  0.        ,
        0.        ,  0.        ,  0.        ,  0.        , -0.24210328,
       -0.29753298])
2025-07-09 22:16:58,802 - INFO - num_full_subsets = 1
2025-07-09 22:16:58,802 - INFO - remaining_weight_vector = array([0.15301406, 0.10438169, 0.08015022, 0.06568408, 0.05610516,
       0.04932321, 0.04429354, 0.04043615, 0.03740344, 0.03497464,
       0.03300303, 0.0313875 , 0.03005633, 0.0289575 , 0.02805258,
       0.02731285, 0.02671674, 0.02624803, 0.02589469, 0.02564807,
       0.02550234, 0.02545414])
2025-07-09 22:16:58,802 - INFO - num_paired_subset_sizes = 22
2025-07-09 22:16:58,818 - INFO - weight_left = 0.7674097178519277
2025-07-09 22:16:58,828 - INFO - np.sum(w_aug) = 46.000000000000014
2025-07-09 22:16:58,828 - INFO - np.sum(self.kernelWeights) = 1.0000000000000004
2025-07-09 22:16:58,832 - INFO - phi = array([ 0.        ,  0.        ,  0.        ,  0.        ,  0.        ,
       -2.34441735,  0.        ,  0.93809683,  0.34521459,  0.        ,
        0.        ,  0.        ,  0.        ,  0.        ,  0.        ,
        0.        ,  0.        ,  0.        ,  0.        ,  0.        ,
        0.        ,  0.        ,  0.        ,  0.        ,  0.        ,
        0.        ,  1.77942543,  3.07592411,  0.        ,  0.        ,
        1.79604901,  0.4430762 ,  0.        ,  0.        ,  0.31832532,
        0.3261056 ,  0.42699936,  0.        ,  0.        ,  0.        ,
        0.        ,  0.        ,  0.        ,  0.        ,  0.        ,
        0.        ])
2025-07-09 22:16:58,838 - INFO - num_full_subsets = 1
2025-07-09 22:16:58,839 - INFO - remaining_weight_vector = array([0.15301406, 0.10438169, 0.08015022, 0.06568408, 0.05610516,
       0.04932321, 0.04429354, 0.04043615, 0.03740344, 0.03497464,
       0.03300303, 0.0313875 , 0.03005633, 0.0289575 , 0.02805258,
       0.02731285, 0.02671674, 0.02624803, 0.02589469, 0.02564807,
       0.02550234, 0.02545414])
2025-07-09 22:16:58,839 - INFO - num_paired_subset_sizes = 22
2025-07-09 22:16:58,853 - INFO - weight_left = 0.7674097178519277
2025-07-09 22:16:58,864 - INFO - np.sum(w_aug) = 46.000000000000014
2025-07-09 22:16:58,864 - INFO - np.sum(self.kernelWeights) = 1.0000000000000004
2025-07-09 22:16:58,868 - INFO - phi = array([0.        , 0.        , 0.        , 0.        , 1.77933417,
       0.79149688, 0.        , 4.1344227 , 0.        , 0.        ,
       0.        , 0.        , 0.        , 0.        , 0.        ,
       0.        , 0.        , 0.        , 0.        , 0.        ,
       0.        , 0.        , 0.        , 0.        , 0.        ,
       0.        , 0.85259361, 2.293005  , 0.        , 0.        ,
       0.79611421, 0.        , 2.45764565, 0.        , 2.43624635,
       2.51929777, 1.78338177, 0.        , 0.        , 0.        ,
       0.        , 0.        , 0.        , 0.        , 0.        ,
       0.        ])
2025-07-09 22:16:58,873 - INFO - num_full_subsets = 1
2025-07-09 22:16:58,874 - INFO - remaining_weight_vector = array([0.15301406, 0.10438169, 0.08015022, 0.06568408, 0.05610516,
       0.04932321, 0.04429354, 0.04043615, 0.03740344, 0.03497464,
       0.03300303, 0.0313875 , 0.03005633, 0.0289575 , 0.02805258,
       0.02731285, 0.02671674, 0.02624803, 0.02589469, 0.02564807,
       0.02550234, 0.02545414])
2025-07-09 22:16:58,874 - INFO - num_paired_subset_sizes = 22
2025-07-09 22:16:58,889 - INFO - weight_left = 0.7674097178519277
2025-07-09 22:16:58,899 - INFO - np.sum(w_aug) = 46.00000000000002
2025-07-09 22:16:58,900 - INFO - np.sum(self.kernelWeights) = 1.0000000000000004
2025-07-09 22:16:58,903 - INFO - phi = array([ 0.        ,  0.        ,  0.        ,  0.        , -0.33126781,
       -0.31391862,  0.        , -0.40489109,  0.        ,  0.        ,
        0.        ,  0.        ,  0.        ,  0.        ,  0.        ,
        0.        ,  0.        ,  0.        ,  0.        ,  0.        ,
        0.        ,  0.        ,  0.        ,  0.        ,  0.        ,
        0.        ,  0.        , -0.90158492,  0.        ,  0.        ,
        0.        ,  0.        , -0.57002077,  0.        , -0.587692  ,
       -0.67264167, -0.20965881,  0.        ,  0.        ,  0.        ,
        0.        ,  0.        ,  0.        ,  0.        , -0.17618487,
       -0.18690457])
2025-07-09 22:16:58,910 - INFO - num_full_subsets = 1
2025-07-09 22:16:58,910 - INFO - remaining_weight_vector = array([0.15301406, 0.10438169, 0.08015022, 0.06568408, 0.05610516,
       0.04932321, 0.04429354, 0.04043615, 0.03740344, 0.03497464,
       0.03300303, 0.0313875 , 0.03005633, 0.0289575 , 0.02805258,
       0.02731285, 0.02671674, 0.02624803, 0.02589469, 0.02564807,
       0.02550234, 0.02545414])
2025-07-09 22:16:58,910 - INFO - num_paired_subset_sizes = 22
2025-07-09 22:16:58,925 - INFO - weight_left = 0.7674097178519277
2025-07-09 22:16:58,935 - INFO - np.sum(w_aug) = 46.00000000000003
2025-07-09 22:16:58,935 - INFO - np.sum(self.kernelWeights) = 1.0000000000000004
2025-07-09 22:16:58,939 - INFO - phi = array([ 0.        ,  0.        ,  0.        ,  0.        , -1.28344028,
        1.81793453,  0.        , -2.89320067,  0.        ,  0.        ,
        0.        ,  0.        ,  0.        ,  0.        ,  0.        ,
        0.        ,  0.        ,  0.        ,  0.        ,  0.        ,
        0.        ,  0.        ,  0.        ,  0.        ,  0.        ,
        0.        , -0.67507202, -0.56986605,  0.        ,  0.        ,
       -0.88626205,  0.        , -2.29545077,  0.        , -2.27609741,
       -2.30131593, -2.1971527 ,  0.        ,  0.        ,  0.        ,
        0.        ,  0.        ,  0.        ,  0.        ,  0.        ,
        0.        ])
2025-07-09 22:16:58,945 - INFO - num_full_subsets = 1
2025-07-09 22:16:58,945 - INFO - remaining_weight_vector = array([0.15301406, 0.10438169, 0.08015022, 0.06568408, 0.05610516,
       0.04932321, 0.04429354, 0.04043615, 0.03740344, 0.03497464,
       0.03300303, 0.0313875 , 0.03005633, 0.0289575 , 0.02805258,
       0.02731285, 0.02671674, 0.02624803, 0.02589469, 0.02564807,
       0.02550234, 0.02545414])
2025-07-09 22:16:58,945 - INFO - num_paired_subset_sizes = 22
2025-07-09 22:16:58,959 - INFO - weight_left = 0.7674097178519277
2025-07-09 22:16:58,969 - INFO - np.sum(w_aug) = 46.000000000000014
2025-07-09 22:16:58,969 - INFO - np.sum(self.kernelWeights) = 1.0000000000000004
2025-07-09 22:16:58,973 - INFO - phi = array([ 0.        ,  0.        ,  0.        ,  0.        , -0.2803238 ,
        2.03673565,  0.        , -0.36511237, -0.20024379,  0.        ,
        0.        ,  0.        ,  0.        ,  0.        ,  0.        ,
        0.        ,  0.        ,  0.        ,  0.        ,  0.        ,
        0.        ,  0.        ,  0.        ,  0.        ,  0.        ,
        0.        , -0.51717667,  0.        ,  0.        ,  0.        ,
       -0.691144  ,  0.        , -0.51084712,  0.        , -0.55959747,
       -0.7513612 , -0.36143179,  0.        ,  0.        ,  0.        ,
        0.        ,  0.        ,  0.        ,  0.        ,  0.        ,
        0.        ])
2025-07-09 22:16:58,979 - INFO - num_full_subsets = 1
2025-07-09 22:16:58,979 - INFO - remaining_weight_vector = array([0.15301406, 0.10438169, 0.08015022, 0.06568408, 0.05610516,
       0.04932321, 0.04429354, 0.04043615, 0.03740344, 0.03497464,
       0.03300303, 0.0313875 , 0.03005633, 0.0289575 , 0.02805258,
       0.02731285, 0.02671674, 0.02624803, 0.02589469, 0.02564807,
       0.02550234, 0.02545414])
2025-07-09 22:16:58,979 - INFO - num_paired_subset_sizes = 22
2025-07-09 22:16:58,993 - INFO - weight_left = 0.7674097178519277
2025-07-09 22:16:59,005 - INFO - np.sum(w_aug) = 46.00000000000002
2025-07-09 22:16:59,005 - INFO - np.sum(self.kernelWeights) = 1.0000000000000004
2025-07-09 22:16:59,010 - INFO - phi = array([0.        , 0.        , 0.        , 0.        , 3.10814747,
       0.        , 0.        , 6.52327501, 0.        , 0.        ,
       0.        , 0.75422998, 0.        , 0.        , 0.        ,
       0.        , 0.        , 0.        , 0.        , 0.        ,
       0.        , 0.        , 0.        , 0.        , 0.        ,
       0.        , 1.39387376, 3.29669293, 0.        , 0.        ,
       1.54101297, 0.        , 5.70092294, 0.        , 5.61597526,
       5.20550914, 6.05275271, 0.        , 0.        , 0.        ,
       0.        , 0.        , 0.        , 0.        , 0.        ,
       0.        ])
2025-07-09 22:16:59,015 - INFO - num_full_subsets = 1
2025-07-09 22:16:59,015 - INFO - remaining_weight_vector = array([0.15301406, 0.10438169, 0.08015022, 0.06568408, 0.05610516,
       0.04932321, 0.04429354, 0.04043615, 0.03740344, 0.03497464,
       0.03300303, 0.0313875 , 0.03005633, 0.0289575 , 0.02805258,
       0.02731285, 0.02671674, 0.02624803, 0.02589469, 0.02564807,
       0.02550234, 0.02545414])
2025-07-09 22:16:59,015 - INFO - num_paired_subset_sizes = 22
2025-07-09 22:16:59,029 - INFO - weight_left = 0.7674097178519277
2025-07-09 22:16:59,039 - INFO - np.sum(w_aug) = 46.00000000000002
2025-07-09 22:16:59,039 - INFO - np.sum(self.kernelWeights) = 1.0000000000000004
2025-07-09 22:16:59,043 - INFO - phi = array([ 0.        ,  0.        ,  0.        ,  0.        ,  1.43571615,
        1.91404119,  0.        ,  3.56831627,  0.        ,  0.        ,
        0.        ,  0.31488662,  0.        ,  0.        ,  0.        ,
        0.        ,  0.        ,  0.        ,  0.        ,  0.        ,
        0.        ,  0.        ,  0.        ,  0.        ,  0.        ,
        0.        , -1.40852402,  0.        ,  0.        ,  0.        ,
        0.        ,  0.        ,  2.48242341,  0.        ,  2.49815981,
        2.26012917,  2.91984687,  0.        ,  0.        ,  0.        ,
        0.        ,  0.        ,  0.        ,  0.        ,  0.        ,
        0.37563249])
2025-07-09 22:16:59,049 - INFO - num_full_subsets = 1
2025-07-09 22:16:59,049 - INFO - remaining_weight_vector = array([0.15301406, 0.10438169, 0.08015022, 0.06568408, 0.05610516,
       0.04932321, 0.04429354, 0.04043615, 0.03740344, 0.03497464,
       0.03300303, 0.0313875 , 0.03005633, 0.0289575 , 0.02805258,
       0.02731285, 0.02671674, 0.02624803, 0.02589469, 0.02564807,
       0.02550234, 0.02545414])
2025-07-09 22:16:59,049 - INFO - num_paired_subset_sizes = 22
2025-07-09 22:16:59,063 - INFO - weight_left = 0.7674097178519277
2025-07-09 22:16:59,073 - INFO - np.sum(w_aug) = 46.00000000000002
2025-07-09 22:16:59,074 - INFO - np.sum(self.kernelWeights) = 1.0000000000000004
2025-07-09 22:16:59,078 - INFO - phi = array([0.        , 0.        , 0.        , 0.        , 0.07935379,
       0.87091419, 0.        , 0.7114993 , 0.        , 0.        ,
       0.        , 0.        , 0.        , 0.        , 0.        ,
       0.11681964, 0.        , 0.        , 0.        , 0.        ,
       0.13182237, 0.        , 0.        , 0.        , 0.        ,
       0.        , 0.        , 1.0937781 , 0.        , 0.        ,
       0.        , 0.        , 0.32820122, 0.        , 0.25971837,
       0.        , 0.73466801, 0.        , 0.        , 0.        ,
       0.        , 0.        , 0.        , 0.        , 0.        ,
       0.41497554])
2025-07-09 22:16:59,084 - INFO - num_full_subsets = 1
2025-07-09 22:16:59,084 - INFO - remaining_weight_vector = array([0.15301406, 0.10438169, 0.08015022, 0.06568408, 0.05610516,
       0.04932321, 0.04429354, 0.04043615, 0.03740344, 0.03497464,
       0.03300303, 0.0313875 , 0.03005633, 0.0289575 , 0.02805258,
       0.02731285, 0.02671674, 0.02624803, 0.02589469, 0.02564807,
       0.02550234, 0.02545414])
2025-07-09 22:16:59,084 - INFO - num_paired_subset_sizes = 22
2025-07-09 22:16:59,098 - INFO - weight_left = 0.7674097178519277
2025-07-09 22:16:59,106 - INFO - np.sum(w_aug) = 46.000000000000014
2025-07-09 22:16:59,106 - INFO - np.sum(self.kernelWeights) = 1.0000000000000004
2025-07-09 22:16:59,110 - INFO - phi = array([ 0.        ,  0.        ,  0.        ,  0.        , -1.92058117,
        0.        ,  0.        , -5.83068613,  0.        ,  0.        ,
        0.        ,  0.        ,  0.        ,  0.        ,  0.        ,
       -1.79558027,  0.        ,  0.        ,  0.        ,  0.        ,
        0.        ,  0.        ,  0.        ,  0.        ,  0.        ,
        0.        , -1.36780961, -0.94525527,  0.        ,  0.        ,
       -1.07648137,  0.        , -2.70448013,  0.        , -2.68950031,
       -2.06383418, -3.67586582,  0.        ,  0.        ,  0.        ,
        0.        ,  0.        ,  0.        ,  0.        ,  0.        ,
        0.        ])
2025-07-09 22:16:59,115 - INFO - num_full_subsets = 1
2025-07-09 22:16:59,116 - INFO - remaining_weight_vector = array([0.15301406, 0.10438169, 0.08015022, 0.06568408, 0.05610516,
       0.04932321, 0.04429354, 0.04043615, 0.03740344, 0.03497464,
       0.03300303, 0.0313875 , 0.03005633, 0.0289575 , 0.02805258,
       0.02731285, 0.02671674, 0.02624803, 0.02589469, 0.02564807,
       0.02550234, 0.02545414])
2025-07-09 22:16:59,116 - INFO - num_paired_subset_sizes = 22
2025-07-09 22:16:59,130 - INFO - weight_left = 0.7674097178519277
2025-07-09 22:16:59,139 - INFO - np.sum(w_aug) = 46.000000000000014
2025-07-09 22:16:59,140 - INFO - np.sum(self.kernelWeights) = 1.0000000000000004
2025-07-09 22:16:59,143 - INFO - phi = array([ 0.        ,  0.        , -1.45103845,  0.        ,  1.06164576,
       -2.50415376,  0.        ,  1.28842807,  0.        ,  0.        ,
        0.        ,  0.        ,  0.        ,  0.        ,  0.        ,
        0.        ,  0.        ,  0.        ,  0.        ,  0.        ,
        0.        ,  0.        ,  0.        ,  0.        ,  0.        ,
        0.        ,  0.        , -2.67149704,  0.        ,  0.        ,
        0.48149934,  0.        ,  1.86114214,  0.        ,  1.78790582,
        2.16247288,  1.41580218,  0.        ,  0.        ,  0.        ,
        0.        ,  0.        ,  0.        ,  0.        ,  0.        ,
        0.        ])
2025-07-09 22:16:59,149 - INFO - num_full_subsets = 1
2025-07-09 22:16:59,149 - INFO - remaining_weight_vector = array([0.15301406, 0.10438169, 0.08015022, 0.06568408, 0.05610516,
       0.04932321, 0.04429354, 0.04043615, 0.03740344, 0.03497464,
       0.03300303, 0.0313875 , 0.03005633, 0.0289575 , 0.02805258,
       0.02731285, 0.02671674, 0.02624803, 0.02589469, 0.02564807,
       0.02550234, 0.02545414])
2025-07-09 22:16:59,149 - INFO - num_paired_subset_sizes = 22
2025-07-09 22:16:59,164 - INFO - weight_left = 0.7674097178519277
2025-07-09 22:16:59,174 - INFO - np.sum(w_aug) = 46.00000000000002
2025-07-09 22:16:59,175 - INFO - np.sum(self.kernelWeights) = 1.0000000000000004
2025-07-09 22:16:59,179 - INFO - phi = array([ 0.        ,  0.        , -0.86293582,  0.        ,  0.        ,
       -2.49978521,  0.        ,  0.        ,  0.48153881,  0.        ,
        0.        ,  0.        ,  0.        ,  0.        ,  0.        ,
       -1.12393286,  0.        ,  0.        ,  0.        ,  0.        ,
        0.        ,  0.        ,  0.        ,  0.        ,  0.        ,
        0.        ,  0.65148757, -6.34885342,  0.        ,  0.        ,
        0.73180278,  0.        ,  0.        ,  0.        ,  0.        ,
        0.54639373,  0.        ,  0.        ,  0.        ,  0.        ,
        0.        ,  0.        ,  0.        ,  0.        , -0.42878687,
       -0.46154223])
2025-07-09 22:16:59,578 - INFO - num_full_subsets = 1
2025-07-09 22:16:59,578 - INFO - remaining_weight_vector = array([0.15301406, 0.10438169, 0.08015022, 0.06568408, 0.05610516,
       0.04932321, 0.04429354, 0.04043615, 0.03740344, 0.03497464,
       0.03300303, 0.0313875 , 0.03005633, 0.0289575 , 0.02805258,
       0.02731285, 0.02671674, 0.02624803, 0.02589469, 0.02564807,
       0.02550234, 0.02545414])
2025-07-09 22:16:59,578 - INFO - num_paired_subset_sizes = 22
2025-07-09 22:16:59,592 - INFO - weight_left = 0.7674097178519277
2025-07-09 22:16:59,610 - INFO - np.sum(w_aug) = 46.000000000000014
2025-07-09 22:16:59,610 - INFO - np.sum(self.kernelWeights) = 1.0000000000000004
2025-07-09 22:16:59,615 - INFO - phi = array([ 0.        ,  0.        ,  0.82927936,  0.        , -0.60091727,
        0.        ,  0.        , -1.17643638,  0.        ,  0.        ,
       -0.36117595,  0.        ,  0.        ,  0.        ,  0.        ,
        0.        ,  0.        ,  0.        ,  0.        ,  0.        ,
        0.        ,  0.        ,  0.        ,  0.        ,  0.        ,
        0.        ,  0.        , -0.57709488,  0.        ,  0.        ,
       -0.58320445,  0.        , -1.95360045,  0.        , -2.10279288,
       -1.73352116, -2.36590186,  0.        ,  0.        ,  0.        ,
        0.        ,  0.        ,  0.        ,  0.        ,  0.        ,
        0.        ])
2025-07-09 22:16:59,621 - INFO - num_full_subsets = 1
2025-07-09 22:16:59,621 - INFO - remaining_weight_vector = array([0.15301406, 0.10438169, 0.08015022, 0.06568408, 0.05610516,
       0.04932321, 0.04429354, 0.04043615, 0.03740344, 0.03497464,
       0.03300303, 0.0313875 , 0.03005633, 0.0289575 , 0.02805258,
       0.02731285, 0.02671674, 0.02624803, 0.02589469, 0.02564807,
       0.02550234, 0.02545414])
2025-07-09 22:16:59,621 - INFO - num_paired_subset_sizes = 22
2025-07-09 22:16:59,635 - INFO - weight_left = 0.7674097178519277
2025-07-09 22:16:59,646 - INFO - np.sum(w_aug) = 46.000000000000014
2025-07-09 22:16:59,646 - INFO - np.sum(self.kernelWeights) = 1.0000000000000004
2025-07-09 22:16:59,649 - INFO - phi = array([0.        , 0.        , 0.        , 0.        , 0.49790417,
       0.        , 0.        , 1.36189915, 0.        , 0.        ,
       0.07010317, 0.        , 0.        , 0.        , 0.        ,
       0.        , 0.        , 0.        , 0.        , 0.        ,
       0.        , 0.        , 0.        , 0.        , 0.        ,
       0.        , 1.30868339, 0.49563262, 0.        , 0.        ,
       1.37208756, 0.        , 1.5041647 , 0.        , 1.65933793,
       1.34404269, 2.12745122, 0.        , 0.        , 0.        ,
       0.        , 0.        , 0.        , 0.        , 0.        ,
       0.        ])
2025-07-09 22:16:59,655 - INFO - num_full_subsets = 1
2025-07-09 22:16:59,655 - INFO - remaining_weight_vector = array([0.15301406, 0.10438169, 0.08015022, 0.06568408, 0.05610516,
       0.04932321, 0.04429354, 0.04043615, 0.03740344, 0.03497464,
       0.03300303, 0.0313875 , 0.03005633, 0.0289575 , 0.02805258,
       0.02731285, 0.02671674, 0.02624803, 0.02589469, 0.02564807,
       0.02550234, 0.02545414])
2025-07-09 22:16:59,655 - INFO - num_paired_subset_sizes = 22
2025-07-09 22:16:59,671 - INFO - weight_left = 0.7674097178519277
2025-07-09 22:16:59,681 - INFO - np.sum(w_aug) = 46.000000000000014
2025-07-09 22:16:59,681 - INFO - np.sum(self.kernelWeights) = 1.0000000000000004
2025-07-09 22:16:59,685 - INFO - phi = array([ 0.        ,  0.        ,  0.        ,  0.        , -0.97729876,
        0.        ,  0.        , -3.19892624,  0.        ,  0.        ,
        0.        , -0.23253658,  0.        ,  0.        ,  0.        ,
        0.        ,  0.        ,  0.        ,  0.        ,  0.        ,
        0.        ,  0.        ,  0.        ,  0.        ,  0.        ,
        0.        , -1.10317158,  0.        ,  0.        ,  0.        ,
       -1.26531441,  0.        , -2.93139796,  0.        , -3.29873307,
       -2.79166749, -3.34778186,  0.        ,  0.        ,  0.        ,
        0.        ,  0.        ,  0.        ,  0.        ,  0.        ,
       -0.95368996])
2025-07-09 22:16:59,690 - INFO - num_full_subsets = 1
2025-07-09 22:16:59,690 - INFO - remaining_weight_vector = array([0.15301406, 0.10438169, 0.08015022, 0.06568408, 0.05610516,
       0.04932321, 0.04429354, 0.04043615, 0.03740344, 0.03497464,
       0.03300303, 0.0313875 , 0.03005633, 0.0289575 , 0.02805258,
       0.02731285, 0.02671674, 0.02624803, 0.02589469, 0.02564807,
       0.02550234, 0.02545414])
2025-07-09 22:16:59,690 - INFO - num_paired_subset_sizes = 22
2025-07-09 22:16:59,705 - INFO - weight_left = 0.7674097178519277
2025-07-09 22:16:59,717 - INFO - np.sum(w_aug) = 46.000000000000014
2025-07-09 22:16:59,717 - INFO - np.sum(self.kernelWeights) = 1.0000000000000004
2025-07-09 22:16:59,721 - INFO - phi = array([ 0.        ,  0.        ,  0.        ,  0.        , -0.61451374,
        0.        ,  0.        , -0.88995436,  0.        ,  0.        ,
        0.        ,  0.        ,  0.        ,  0.        ,  0.        ,
        0.        ,  0.        ,  0.        ,  0.        ,  0.        ,
        0.        ,  0.        ,  0.        ,  0.        ,  0.        ,
        0.        , -0.0901673 ,  0.        ,  0.        ,  0.        ,
       -0.17849779,  0.        , -1.41572952,  0.        , -1.51268248,
       -1.38719306, -1.33234499,  0.        ,  0.        ,  0.        ,
        0.        ,  0.        ,  0.        ,  0.        , -0.02659248,
       -0.04204909])
2025-07-09 22:16:59,726 - INFO - num_full_subsets = 1
2025-07-09 22:16:59,726 - INFO - remaining_weight_vector = array([0.15301406, 0.10438169, 0.08015022, 0.06568408, 0.05610516,
       0.04932321, 0.04429354, 0.04043615, 0.03740344, 0.03497464,
       0.03300303, 0.0313875 , 0.03005633, 0.0289575 , 0.02805258,
       0.02731285, 0.02671674, 0.02624803, 0.02589469, 0.02564807,
       0.02550234, 0.02545414])
2025-07-09 22:16:59,726 - INFO - num_paired_subset_sizes = 22
2025-07-09 22:16:59,740 - INFO - weight_left = 0.7674097178519277
2025-07-09 22:16:59,750 - INFO - np.sum(w_aug) = 46.000000000000014
2025-07-09 22:16:59,751 - INFO - np.sum(self.kernelWeights) = 1.0000000000000004
2025-07-09 22:16:59,755 - INFO - phi = array([ 0.        ,  0.        ,  0.        ,  0.        , -0.66937532,
        0.        ,  0.        , -1.14552256,  0.        ,  0.        ,
        0.        ,  0.        ,  0.        ,  0.        ,  0.        ,
        0.        ,  0.        ,  0.        ,  0.        ,  0.        ,
        0.        ,  0.        , -0.27792437,  0.        ,  0.        ,
        0.        ,  0.        ,  1.70573249,  0.        , -0.35929687,
        0.        ,  0.        , -1.51676767,  0.        , -1.65258778,
       -1.70153774, -1.32741342,  0.        ,  0.        ,  0.        ,
        0.        ,  0.        ,  0.        ,  0.        ,  0.        ,
       -0.22099212])
2025-07-09 22:16:59,760 - INFO - num_full_subsets = 1
2025-07-09 22:16:59,760 - INFO - remaining_weight_vector = array([0.15301406, 0.10438169, 0.08015022, 0.06568408, 0.05610516,
       0.04932321, 0.04429354, 0.04043615, 0.03740344, 0.03497464,
       0.03300303, 0.0313875 , 0.03005633, 0.0289575 , 0.02805258,
       0.02731285, 0.02671674, 0.02624803, 0.02589469, 0.02564807,
       0.02550234, 0.02545414])
2025-07-09 22:16:59,760 - INFO - num_paired_subset_sizes = 22
2025-07-09 22:16:59,775 - INFO - weight_left = 0.7674097178519277
2025-07-09 22:16:59,785 - INFO - np.sum(w_aug) = 46.000000000000014
2025-07-09 22:16:59,785 - INFO - np.sum(self.kernelWeights) = 1.0000000000000004
2025-07-09 22:16:59,789 - INFO - phi = array([ 0.        ,  0.        ,  0.        ,  0.        ,  0.        ,
       -1.40835036,  0.        ,  0.76868474,  0.        ,  0.        ,
        0.        ,  0.        ,  0.        ,  0.        ,  0.        ,
        0.        ,  0.        ,  0.        ,  0.        ,  0.        ,
        0.        ,  0.        ,  0.        ,  0.        ,  0.        ,
        0.        ,  2.13881014,  3.37565587,  0.        , -0.74988594,
        1.83080875,  0.        ,  0.21622086,  0.        ,  0.22607039,
        0.29564445,  0.27620911,  0.        ,  0.        ,  0.        ,
        0.        ,  0.        ,  0.        ,  0.        ,  0.        ,
        0.        ])
2025-07-09 22:16:59,795 - INFO - num_full_subsets = 1
2025-07-09 22:16:59,795 - INFO - remaining_weight_vector = array([0.15301406, 0.10438169, 0.08015022, 0.06568408, 0.05610516,
       0.04932321, 0.04429354, 0.04043615, 0.03740344, 0.03497464,
       0.03300303, 0.0313875 , 0.03005633, 0.0289575 , 0.02805258,
       0.02731285, 0.02671674, 0.02624803, 0.02589469, 0.02564807,
       0.02550234, 0.02545414])
2025-07-09 22:16:59,795 - INFO - num_paired_subset_sizes = 22
2025-07-09 22:16:59,810 - INFO - weight_left = 0.7674097178519277
2025-07-09 22:16:59,821 - INFO - np.sum(w_aug) = 46.000000000000014
2025-07-09 22:16:59,821 - INFO - np.sum(self.kernelWeights) = 1.0000000000000004
2025-07-09 22:16:59,825 - INFO - phi = array([0.        , 0.        , 0.79553689, 0.        , 1.26122731,
       0.        , 0.        , 2.99067529, 0.        , 0.        ,
       0.        , 0.        , 0.        , 0.        , 0.        ,
       0.        , 0.        , 0.        , 0.        , 0.        ,
       0.        , 0.        , 0.        , 0.        , 0.        ,
       0.        , 0.93588828, 2.4818133 , 0.        , 0.        ,
       0.        , 0.        , 2.31677185, 0.        , 2.49076511,
       2.40086342, 1.72971091, 0.        , 0.        , 0.        ,
       0.        , 0.        , 0.        , 0.        , 0.        ,
       0.86758764])
2025-07-09 22:16:59,831 - INFO - num_full_subsets = 1
2025-07-09 22:16:59,831 - INFO - remaining_weight_vector = array([0.15301406, 0.10438169, 0.08015022, 0.06568408, 0.05610516,
       0.04932321, 0.04429354, 0.04043615, 0.03740344, 0.03497464,
       0.03300303, 0.0313875 , 0.03005633, 0.0289575 , 0.02805258,
       0.02731285, 0.02671674, 0.02624803, 0.02589469, 0.02564807,
       0.02550234, 0.02545414])
2025-07-09 22:16:59,831 - INFO - num_paired_subset_sizes = 22
2025-07-09 22:16:59,846 - INFO - weight_left = 0.7674097178519277
2025-07-09 22:16:59,857 - INFO - np.sum(w_aug) = 46.000000000000014
2025-07-09 22:16:59,857 - INFO - np.sum(self.kernelWeights) = 1.0000000000000004
2025-07-09 22:16:59,861 - INFO - phi = array([ 0.        ,  0.        ,  0.        ,  0.        , -0.21772564,
       -0.13208042,  0.        , -0.18356396,  0.        ,  0.        ,
        0.        ,  0.        ,  0.        ,  0.        ,  0.        ,
        0.        ,  0.        ,  0.        ,  0.        ,  0.        ,
        0.        ,  0.        ,  0.        ,  0.        ,  0.        ,
        0.        ,  0.90799424, -1.00420827,  0.        ,  0.        ,
        0.        ,  0.        , -0.60471469,  0.        , -0.63760219,
       -0.70855618, -0.32042433,  0.        ,  0.        ,  0.        ,
        0.        ,  0.        ,  0.        ,  0.        ,  0.        ,
       -0.15827468])
2025-07-09 22:16:59,868 - INFO - num_full_subsets = 1
2025-07-09 22:16:59,868 - INFO - remaining_weight_vector = array([0.15301406, 0.10438169, 0.08015022, 0.06568408, 0.05610516,
       0.04932321, 0.04429354, 0.04043615, 0.03740344, 0.03497464,
       0.03300303, 0.0313875 , 0.03005633, 0.0289575 , 0.02805258,
       0.02731285, 0.02671674, 0.02624803, 0.02589469, 0.02564807,
       0.02550234, 0.02545414])
2025-07-09 22:16:59,868 - INFO - num_paired_subset_sizes = 22
2025-07-09 22:16:59,882 - INFO - weight_left = 0.7674097178519277
2025-07-09 22:16:59,892 - INFO - np.sum(w_aug) = 46.000000000000014
2025-07-09 22:16:59,892 - INFO - np.sum(self.kernelWeights) = 1.0000000000000004
2025-07-09 22:16:59,897 - INFO - phi = array([ 0.        ,  0.        ,  0.        ,  0.        , -0.86769393,
        0.        ,  0.        , -1.93645212,  0.        ,  0.        ,
       -0.17021613,  0.        ,  0.        ,  0.        ,  0.        ,
        0.        ,  0.        ,  0.        ,  0.        ,  0.        ,
        0.        ,  0.        ,  0.        ,  0.        ,  0.        ,
        0.        , -0.81818776, -0.48944619,  0.        ,  0.        ,
       -0.82576426,  0.        , -2.21184887,  0.        , -2.24966144,
       -2.06745967, -2.07703353,  0.        ,  0.        ,  0.        ,
        0.        ,  0.        ,  0.        ,  0.        ,  0.        ,
        0.        ])
2025-07-09 22:16:59,903 - INFO - num_full_subsets = 1
2025-07-09 22:16:59,903 - INFO - remaining_weight_vector = array([0.15301406, 0.10438169, 0.08015022, 0.06568408, 0.05610516,
       0.04932321, 0.04429354, 0.04043615, 0.03740344, 0.03497464,
       0.03300303, 0.0313875 , 0.03005633, 0.0289575 , 0.02805258,
       0.02731285, 0.02671674, 0.02624803, 0.02589469, 0.02564807,
       0.02550234, 0.02545414])
2025-07-09 22:16:59,903 - INFO - num_paired_subset_sizes = 22
2025-07-09 22:16:59,918 - INFO - weight_left = 0.7674097178519277
2025-07-09 22:16:59,928 - INFO - np.sum(w_aug) = 46.000000000000014
2025-07-09 22:16:59,928 - INFO - np.sum(self.kernelWeights) = 1.0000000000000004
2025-07-09 22:16:59,932 - INFO - phi = array([ 0.        ,  0.        ,  0.        ,  0.        ,  0.        ,
        1.07967676,  0.        ,  0.        ,  0.        ,  0.        ,
       -0.46323809,  0.        ,  0.        ,  0.        ,  0.        ,
        0.        ,  0.        ,  0.        ,  0.        ,  0.        ,
        0.        ,  0.        ,  0.        ,  0.        ,  0.        ,
        0.        , -0.85690747,  0.98546336,  0.        ,  0.        ,
       -0.95921232,  0.        , -0.68657618,  0.        , -0.68759432,
       -0.85014036, -0.4960453 ,  0.        ,  0.        , -0.2069129 ,
        0.        ,  0.        ,  0.        ,  0.        ,  0.        ,
        0.        ])
2025-07-09 22:16:59,937 - INFO - num_full_subsets = 1
2025-07-09 22:16:59,938 - INFO - remaining_weight_vector = array([0.15301406, 0.10438169, 0.08015022, 0.06568408, 0.05610516,
       0.04932321, 0.04429354, 0.04043615, 0.03740344, 0.03497464,
       0.03300303, 0.0313875 , 0.03005633, 0.0289575 , 0.02805258,
       0.02731285, 0.02671674, 0.02624803, 0.02589469, 0.02564807,
       0.02550234, 0.02545414])
2025-07-09 22:16:59,938 - INFO - num_paired_subset_sizes = 22
2025-07-09 22:16:59,953 - INFO - weight_left = 0.7674097178519277
2025-07-09 22:16:59,964 - INFO - np.sum(w_aug) = 46.000000000000014
2025-07-09 22:16:59,964 - INFO - np.sum(self.kernelWeights) = 1.0000000000000004
2025-07-09 22:16:59,968 - INFO - phi = array([0.        , 0.        , 0.        , 0.        , 2.29645181,
       0.        , 0.        , 4.58541959, 0.        , 0.        ,
       0.        , 0.        , 0.        , 0.        , 0.        ,
       0.        , 0.        , 0.        , 0.        , 0.        ,
       0.        , 0.        , 0.        , 0.        , 0.        ,
       0.        , 1.56503192, 3.58209936, 0.        , 0.        ,
       1.74141521, 0.        , 5.35600986, 0.        , 5.96445446,
       5.09167193, 6.10200857, 0.        , 0.        , 0.        ,
       0.        , 0.        , 0.        , 0.        , 0.        ,
       0.57539625])
2025-07-09 22:16:59,973 - INFO - num_full_subsets = 1
2025-07-09 22:16:59,973 - INFO - remaining_weight_vector = array([0.15301406, 0.10438169, 0.08015022, 0.06568408, 0.05610516,
       0.04932321, 0.04429354, 0.04043615, 0.03740344, 0.03497464,
       0.03300303, 0.0313875 , 0.03005633, 0.0289575 , 0.02805258,
       0.02731285, 0.02671674, 0.02624803, 0.02589469, 0.02564807,
       0.02550234, 0.02545414])
2025-07-09 22:16:59,973 - INFO - num_paired_subset_sizes = 22
2025-07-09 22:16:59,987 - INFO - weight_left = 0.7674097178519277
2025-07-09 22:16:59,998 - INFO - np.sum(w_aug) = 46.00000000000002
2025-07-09 22:16:59,998 - INFO - np.sum(self.kernelWeights) = 1.0000000000000004
2025-07-09 22:17:00,002 - INFO - phi = array([ 0.        ,  0.        ,  0.        ,  0.        ,  1.04995505,
        0.9285881 ,  0.        ,  2.59922671,  0.        ,  0.        ,
        0.        ,  0.3935912 ,  0.        ,  0.        ,  0.        ,
        0.        ,  0.        ,  0.        ,  0.        ,  0.        ,
        0.        ,  0.        ,  0.        ,  0.        ,  0.        ,
        0.        , -1.77278074,  0.        ,  0.        ,  0.        ,
        0.        ,  0.        ,  2.40306625,  0.        ,  2.66374402,
        2.3022939 ,  2.99987178,  0.        ,  0.        ,  0.        ,
        0.        ,  0.        ,  0.        ,  0.        ,  0.        ,
        0.67266695])
2025-07-09 22:17:00,007 - INFO - num_full_subsets = 1
2025-07-09 22:17:00,007 - INFO - remaining_weight_vector = array([0.15301406, 0.10438169, 0.08015022, 0.06568408, 0.05610516,
       0.04932321, 0.04429354, 0.04043615, 0.03740344, 0.03497464,
       0.03300303, 0.0313875 , 0.03005633, 0.0289575 , 0.02805258,
       0.02731285, 0.02671674, 0.02624803, 0.02589469, 0.02564807,
       0.02550234, 0.02545414])
2025-07-09 22:17:00,007 - INFO - num_paired_subset_sizes = 22
2025-07-09 22:17:00,021 - INFO - weight_left = 0.7674097178519277
2025-07-09 22:17:00,032 - INFO - np.sum(w_aug) = 46.000000000000014
2025-07-09 22:17:00,032 - INFO - np.sum(self.kernelWeights) = 1.0000000000000004
2025-07-09 22:17:00,036 - INFO - phi = array([0.        , 0.        , 0.13111245, 0.        , 0.        ,
       0.47943607, 0.        , 0.65077881, 0.        , 0.        ,
       0.09997918, 0.        , 0.        , 0.        , 0.        ,
       0.        , 0.        , 0.        , 0.        , 0.        ,
       0.        , 0.        , 0.08150875, 0.        , 0.        ,
       0.        , 0.        , 1.25028063, 0.        , 0.        ,
       0.        , 0.        , 0.34087027, 0.        , 0.35854586,
       0.        , 0.7929943 , 0.        , 0.        , 0.        ,
       0.        , 0.        , 0.        , 0.        , 0.        ,
       0.59351238])
2025-07-09 22:17:00,042 - INFO - num_full_subsets = 1
2025-07-09 22:17:00,042 - INFO - remaining_weight_vector = array([0.15301406, 0.10438169, 0.08015022, 0.06568408, 0.05610516,
       0.04932321, 0.04429354, 0.04043615, 0.03740344, 0.03497464,
       0.03300303, 0.0313875 , 0.03005633, 0.0289575 , 0.02805258,
       0.02731285, 0.02671674, 0.02624803, 0.02589469, 0.02564807,
       0.02550234, 0.02545414])
2025-07-09 22:17:00,042 - INFO - num_paired_subset_sizes = 22
2025-07-09 22:17:00,056 - INFO - weight_left = 0.7674097178519277
2025-07-09 22:17:00,066 - INFO - np.sum(w_aug) = 46.000000000000014
2025-07-09 22:17:00,066 - INFO - np.sum(self.kernelWeights) = 1.0000000000000004
2025-07-09 22:17:00,070 - INFO - phi = array([ 0.        ,  0.        ,  0.        ,  0.        , -1.29314248,
        0.        ,  0.        , -4.5098721 ,  0.        ,  0.        ,
        0.        ,  0.        ,  0.        ,  0.        ,  0.        ,
       -1.07901803,  0.        ,  0.        ,  0.        ,  0.        ,
        0.        ,  0.        ,  0.        ,  0.        ,  0.        ,
        0.        , -1.61463178, -0.87755943,  0.        ,  0.        ,
       -0.9174886 ,  0.        , -2.54352625,  0.        , -2.74944927,
       -1.98475785, -3.62221479,  0.        ,  0.        ,  0.        ,
        0.        ,  0.        ,  0.        ,  0.        ,  0.        ,
        0.        ])
2025-07-09 22:17:00,076 - INFO - num_full_subsets = 1
2025-07-09 22:17:00,076 - INFO - remaining_weight_vector = array([0.15301406, 0.10438169, 0.08015022, 0.06568408, 0.05610516,
       0.04932321, 0.04429354, 0.04043615, 0.03740344, 0.03497464,
       0.03300303, 0.0313875 , 0.03005633, 0.0289575 , 0.02805258,
       0.02731285, 0.02671674, 0.02624803, 0.02589469, 0.02564807,
       0.02550234, 0.02545414])
2025-07-09 22:17:00,076 - INFO - num_paired_subset_sizes = 22
2025-07-09 22:17:00,091 - INFO - weight_left = 0.7674097178519277
2025-07-09 22:17:00,101 - INFO - np.sum(w_aug) = 46.000000000000014
2025-07-09 22:17:00,102 - INFO - np.sum(self.kernelWeights) = 1.0000000000000004
2025-07-09 22:17:00,105 - INFO - phi = array([ 0.        ,  0.        , -1.62440196,  0.        ,  0.71077087,
       -1.59342678,  0.        ,  0.99152604,  0.        ,  0.        ,
        0.        ,  0.        ,  0.        ,  0.        ,  0.        ,
        0.        ,  0.        ,  0.        ,  0.        ,  0.        ,
        0.        ,  0.        ,  0.        ,  0.        ,  0.        ,
        0.        ,  0.        , -3.1033839 ,  0.        ,  0.        ,
        0.        ,  0.        ,  1.61895651,  0.        ,  1.78233084,
        1.95761669,  1.33723184,  0.        ,  0.        ,  0.        ,
        0.        ,  0.        ,  0.        ,  0.        ,  0.        ,
        0.55829726])
2025-07-09 22:17:00,111 - INFO - num_full_subsets = 1
2025-07-09 22:17:00,111 - INFO - remaining_weight_vector = array([0.15301406, 0.10438169, 0.08015022, 0.06568408, 0.05610516,
       0.04932321, 0.04429354, 0.04043615, 0.03740344, 0.03497464,
       0.03300303, 0.0313875 , 0.03005633, 0.0289575 , 0.02805258,
       0.02731285, 0.02671674, 0.02624803, 0.02589469, 0.02564807,
       0.02550234, 0.02545414])
2025-07-09 22:17:00,111 - INFO - num_paired_subset_sizes = 22
2025-07-09 22:17:00,126 - INFO - weight_left = 0.7674097178519277
2025-07-09 22:17:00,137 - INFO - np.sum(w_aug) = 46.000000000000014
2025-07-09 22:17:00,137 - INFO - np.sum(self.kernelWeights) = 1.0000000000000004
2025-07-09 22:17:00,141 - INFO - phi = array([ 0.        ,  0.        , -0.78451218,  0.        ,  0.        ,
       -1.53978613,  0.        ,  0.        ,  0.        ,  0.        ,
        0.        ,  0.        ,  0.        ,  0.        ,  0.        ,
       -1.19469349,  0.        ,  0.        ,  0.        ,  0.        ,
        0.        ,  0.        ,  0.        ,  0.        ,  0.        ,
        0.        ,  0.84823969, -7.4705018 ,  0.        ,  0.60666113,
        0.8703564 ,  0.        ,  0.        ,  0.        ,  0.        ,
        0.561945  ,  0.        ,  0.        ,  0.        ,  0.        ,
        0.        ,  0.        ,  0.        ,  0.        , -0.41086804,
       -0.4962149 ])
2025-07-09 22:17:00,509 - INFO - num_full_subsets = 1
2025-07-09 22:17:00,510 - INFO - remaining_weight_vector = array([0.15301406, 0.10438169, 0.08015022, 0.06568408, 0.05610516,
       0.04932321, 0.04429354, 0.04043615, 0.03740344, 0.03497464,
       0.03300303, 0.0313875 , 0.03005633, 0.0289575 , 0.02805258,
       0.02731285, 0.02671674, 0.02624803, 0.02589469, 0.02564807,
       0.02550234, 0.02545414])
2025-07-09 22:17:00,510 - INFO - num_paired_subset_sizes = 22
2025-07-09 22:17:00,524 - INFO - weight_left = 0.7674097178519277
2025-07-09 22:17:00,537 - INFO - np.sum(w_aug) = 46.000000000000014
2025-07-09 22:17:00,537 - INFO - np.sum(self.kernelWeights) = 1.0000000000000004
2025-07-09 22:17:00,541 - INFO - phi = array([ 0.        ,  0.90892356,  0.        , -0.15522861, -0.68744195,
        0.        ,  0.        , -1.41806894,  0.        ,  0.        ,
        0.        ,  0.        ,  0.        ,  0.        ,  0.        ,
        0.        ,  0.        ,  0.        ,  0.        ,  0.        ,
        0.        ,  0.        ,  0.        ,  0.        ,  0.        ,
        0.        ,  0.        , -0.64066394,  0.        ,  0.        ,
       -0.54024628,  0.        , -2.21937859,  0.        , -2.29433334,
       -1.79995662, -2.61471147,  0.        ,  0.        ,  0.        ,
        0.        ,  0.        ,  0.        ,  0.        ,  0.        ,
        0.        ])
2025-07-09 22:17:00,547 - INFO - num_full_subsets = 1
2025-07-09 22:17:00,547 - INFO - remaining_weight_vector = array([0.15301406, 0.10438169, 0.08015022, 0.06568408, 0.05610516,
       0.04932321, 0.04429354, 0.04043615, 0.03740344, 0.03497464,
       0.03300303, 0.0313875 , 0.03005633, 0.0289575 , 0.02805258,
       0.02731285, 0.02671674, 0.02624803, 0.02589469, 0.02564807,
       0.02550234, 0.02545414])
2025-07-09 22:17:00,547 - INFO - num_paired_subset_sizes = 22
2025-07-09 22:17:00,561 - INFO - weight_left = 0.7674097178519277
2025-07-09 22:17:00,571 - INFO - np.sum(w_aug) = 46.00000000000002
2025-07-09 22:17:00,571 - INFO - np.sum(self.kernelWeights) = 1.0000000000000004
2025-07-09 22:17:00,575 - INFO - phi = array([0.        , 0.        , 0.        , 0.        , 0.73764954,
       0.        , 0.        , 1.84443444, 0.60083984, 0.        ,
       0.        , 0.        , 0.        , 0.        , 0.        ,
       0.        , 0.        , 0.        , 0.        , 0.        ,
       0.        , 0.        , 0.        , 0.        , 0.        ,
       0.        , 1.12096478, 0.45603981, 0.        , 0.        ,
       1.34175882, 0.        , 1.7158622 , 0.        , 1.82674831,
       1.33674849, 2.19805297, 0.        , 0.        , 0.        ,
       0.        , 0.        , 0.        , 0.        , 0.        ,
       0.        ])
2025-07-09 22:17:00,580 - INFO - num_full_subsets = 1
2025-07-09 22:17:00,580 - INFO - remaining_weight_vector = array([0.15301406, 0.10438169, 0.08015022, 0.06568408, 0.05610516,
       0.04932321, 0.04429354, 0.04043615, 0.03740344, 0.03497464,
       0.03300303, 0.0313875 , 0.03005633, 0.0289575 , 0.02805258,
       0.02731285, 0.02671674, 0.02624803, 0.02589469, 0.02564807,
       0.02550234, 0.02545414])
2025-07-09 22:17:00,580 - INFO - num_paired_subset_sizes = 22
2025-07-09 22:17:00,594 - INFO - weight_left = 0.7674097178519277
2025-07-09 22:17:00,604 - INFO - np.sum(w_aug) = 46.000000000000014
2025-07-09 22:17:00,604 - INFO - np.sum(self.kernelWeights) = 1.0000000000000004
2025-07-09 22:17:00,608 - INFO - phi = array([ 0.        ,  0.        ,  0.        ,  0.        , -1.57775097,
        0.        ,  0.        , -4.19550384, -0.77000355,  0.        ,
        0.        ,  0.        ,  0.        ,  0.        ,  0.        ,
        0.        ,  0.        ,  0.        ,  0.        ,  0.        ,
        0.        ,  0.        ,  0.        ,  0.        ,  0.        ,
        0.        , -1.16864325,  0.        ,  0.        ,  0.        ,
       -1.47056723,  0.        , -3.42706157,  0.        , -3.57225793,
       -3.14648618, -3.69144483,  0.        ,  0.        ,  0.        ,
        0.        ,  0.        ,  0.        ,  0.        ,  0.        ,
       -0.84050048])
2025-07-09 22:17:00,613 - INFO - num_full_subsets = 1
2025-07-09 22:17:00,613 - INFO - remaining_weight_vector = array([0.15301406, 0.10438169, 0.08015022, 0.06568408, 0.05610516,
       0.04932321, 0.04429354, 0.04043615, 0.03740344, 0.03497464,
       0.03300303, 0.0313875 , 0.03005633, 0.0289575 , 0.02805258,
       0.02731285, 0.02671674, 0.02624803, 0.02589469, 0.02564807,
       0.02550234, 0.02545414])
2025-07-09 22:17:00,613 - INFO - num_paired_subset_sizes = 22
2025-07-09 22:17:00,627 - INFO - weight_left = 0.7674097178519277
2025-07-09 22:17:00,636 - INFO - np.sum(w_aug) = 46.000000000000014
2025-07-09 22:17:00,637 - INFO - np.sum(self.kernelWeights) = 1.0000000000000004
2025-07-09 22:17:00,641 - INFO - phi = array([ 0.        ,  0.        ,  0.        ,  0.        , -0.71393078,
        1.127606  ,  0.        , -1.12600655,  0.        ,  0.        ,
        0.        ,  0.        ,  0.        ,  0.        ,  0.        ,
        0.        ,  0.        ,  0.        ,  0.        ,  0.        ,
        0.        ,  0.        ,  0.        ,  0.        ,  0.        ,
        0.        , -0.18028582,  0.        ,  0.        ,  0.        ,
       -0.27175556,  0.        , -1.71878353,  0.        , -1.74441825,
       -1.55242244, -1.5198145 ,  0.        ,  0.        ,  0.        ,
        0.        ,  0.        ,  0.        ,  0.        ,  0.        ,
       -0.45058384])
2025-07-09 22:17:00,646 - INFO - num_full_subsets = 1
2025-07-09 22:17:00,646 - INFO - remaining_weight_vector = array([0.15301406, 0.10438169, 0.08015022, 0.06568408, 0.05610516,
       0.04932321, 0.04429354, 0.04043615, 0.03740344, 0.03497464,
       0.03300303, 0.0313875 , 0.03005633, 0.0289575 , 0.02805258,
       0.02731285, 0.02671674, 0.02624803, 0.02589469, 0.02564807,
       0.02550234, 0.02545414])
2025-07-09 22:17:00,646 - INFO - num_paired_subset_sizes = 22
2025-07-09 22:17:00,661 - INFO - weight_left = 0.7674097178519277
2025-07-09 22:17:00,671 - INFO - np.sum(w_aug) = 46.000000000000014
2025-07-09 22:17:00,671 - INFO - np.sum(self.kernelWeights) = 1.0000000000000004
2025-07-09 22:17:00,675 - INFO - phi = array([ 0.        ,  0.        ,  0.        ,  0.        , -0.74635019,
        0.        ,  0.        , -1.34631867,  0.        ,  0.        ,
        0.        ,  0.        ,  0.        ,  0.        ,  0.        ,
        0.        ,  0.        ,  0.        ,  0.        ,  0.        ,
        0.        ,  0.        ,  0.        ,  0.        ,  0.        ,
        0.        ,  0.        ,  1.61058639,  0.        , -0.08891191,
       -0.1660046 ,  0.        , -1.7078831 ,  0.        , -1.7883839 ,
       -1.82412233, -1.42906872,  0.        ,  0.        ,  0.        ,
        0.        ,  0.        ,  0.        ,  0.        ,  0.        ,
       -0.52032824])
2025-07-09 22:17:00,680 - INFO - num_full_subsets = 1
2025-07-09 22:17:00,680 - INFO - remaining_weight_vector = array([0.15301406, 0.10438169, 0.08015022, 0.06568408, 0.05610516,
       0.04932321, 0.04429354, 0.04043615, 0.03740344, 0.03497464,
       0.03300303, 0.0313875 , 0.03005633, 0.0289575 , 0.02805258,
       0.02731285, 0.02671674, 0.02624803, 0.02589469, 0.02564807,
       0.02550234, 0.02545414])
2025-07-09 22:17:00,680 - INFO - num_paired_subset_sizes = 22
2025-07-09 22:17:00,694 - INFO - weight_left = 0.7674097178519277
2025-07-09 22:17:00,704 - INFO - np.sum(w_aug) = 46.000000000000014
2025-07-09 22:17:00,704 - INFO - np.sum(self.kernelWeights) = 1.0000000000000004
2025-07-09 22:17:00,708 - INFO - phi = array([ 0.        ,  0.        ,  0.        ,  0.        ,  0.        ,
       -2.48707735,  0.        ,  0.94515919,  0.79115514,  0.        ,
        0.        ,  0.        ,  0.        ,  0.        ,  0.        ,
        0.        ,  0.        ,  0.        ,  0.        ,  0.        ,
        0.        ,  0.        ,  0.        ,  0.        ,  0.        ,
        0.        ,  1.96915865,  3.31986264,  0.        ,  0.        ,
        1.98034687,  0.40464238,  0.23248566,  0.        ,  0.        ,
        0.32259513,  0.31157261,  0.        ,  0.        ,  0.        ,
        0.        ,  0.        ,  0.        ,  0.        ,  0.        ,
        0.        ])
2025-07-09 22:17:00,713 - INFO - num_full_subsets = 1
2025-07-09 22:17:00,713 - INFO - remaining_weight_vector = array([0.15301406, 0.10438169, 0.08015022, 0.06568408, 0.05610516,
       0.04932321, 0.04429354, 0.04043615, 0.03740344, 0.03497464,
       0.03300303, 0.0313875 , 0.03005633, 0.0289575 , 0.02805258,
       0.02731285, 0.02671674, 0.02624803, 0.02589469, 0.02564807,
       0.02550234, 0.02545414])
2025-07-09 22:17:00,713 - INFO - num_paired_subset_sizes = 22
2025-07-09 22:17:00,727 - INFO - weight_left = 0.7674097178519277
2025-07-09 22:17:00,736 - INFO - np.sum(w_aug) = 46.000000000000014
2025-07-09 22:17:00,736 - INFO - np.sum(self.kernelWeights) = 1.0000000000000004
2025-07-09 22:17:00,740 - INFO - phi = array([0.        , 0.        , 0.        , 0.        , 1.4981313 ,
       0.        , 0.        , 3.46674028, 0.        , 0.        ,
       0.        , 0.        , 0.        , 0.        , 0.        ,
       0.        , 0.        , 0.        , 0.        , 0.        ,
       0.        , 0.        , 0.        , 0.        , 0.        ,
       0.        , 0.90452006, 2.53965164, 0.        , 0.        ,
       0.76595177, 0.        , 2.69221594, 0.        , 2.7083088 ,
       2.62263573, 1.97295135, 0.        , 0.        , 0.        ,
       0.        , 0.        , 0.        , 0.        , 0.        ,
       0.93588312])
2025-07-09 22:17:00,745 - INFO - num_full_subsets = 1
2025-07-09 22:17:00,746 - INFO - remaining_weight_vector = array([0.15301406, 0.10438169, 0.08015022, 0.06568408, 0.05610516,
       0.04932321, 0.04429354, 0.04043615, 0.03740344, 0.03497464,
       0.03300303, 0.0313875 , 0.03005633, 0.0289575 , 0.02805258,
       0.02731285, 0.02671674, 0.02624803, 0.02589469, 0.02564807,
       0.02550234, 0.02545414])
2025-07-09 22:17:00,746 - INFO - num_paired_subset_sizes = 22
2025-07-09 22:17:00,760 - INFO - weight_left = 0.7674097178519277
2025-07-09 22:17:00,770 - INFO - np.sum(w_aug) = 46.000000000000014
2025-07-09 22:17:00,770 - INFO - np.sum(self.kernelWeights) = 1.0000000000000004
2025-07-09 22:17:00,773 - INFO - phi = array([ 0.        ,  0.        ,  0.        ,  0.        , -0.22502314,
       -0.21998475,  0.        , -0.12707176,  0.        ,  0.        ,
        0.        ,  0.        ,  0.        ,  0.        ,  0.        ,
        0.        ,  0.        ,  0.        ,  0.        ,  0.        ,
        0.        ,  0.        ,  0.        ,  0.        , -0.07403269,
        0.        ,  0.        , -1.03869005,  0.        ,  0.        ,
        0.        ,  0.        , -0.60728058,  0.        , -0.61059941,
       -0.69491853, -0.32148444,  0.        ,  0.        ,  0.        ,
        0.        ,  0.        ,  0.        ,  0.        ,  0.        ,
       -0.43248562])
2025-07-09 22:17:00,779 - INFO - num_full_subsets = 1
2025-07-09 22:17:00,779 - INFO - remaining_weight_vector = array([0.15301406, 0.10438169, 0.08015022, 0.06568408, 0.05610516,
       0.04932321, 0.04429354, 0.04043615, 0.03740344, 0.03497464,
       0.03300303, 0.0313875 , 0.03005633, 0.0289575 , 0.02805258,
       0.02731285, 0.02671674, 0.02624803, 0.02589469, 0.02564807,
       0.02550234, 0.02545414])
2025-07-09 22:17:00,780 - INFO - num_paired_subset_sizes = 22
2025-07-09 22:17:00,794 - INFO - weight_left = 0.7674097178519277
2025-07-09 22:17:00,803 - INFO - np.sum(w_aug) = 46.000000000000014
2025-07-09 22:17:00,803 - INFO - np.sum(self.kernelWeights) = 1.0000000000000004
2025-07-09 22:17:00,807 - INFO - phi = array([ 0.        ,  0.        ,  0.        ,  0.        , -0.82509707,
        0.        ,  0.        , -2.1680462 , -0.42200601,  0.        ,
        0.        ,  0.        ,  0.        ,  0.        ,  0.        ,
        0.        ,  0.        ,  0.        ,  0.        ,  0.        ,
        0.        ,  0.        ,  0.        ,  0.        ,  0.        ,
        0.        , -0.65597574, -0.52404671,  0.        ,  0.        ,
       -0.73235322,  0.        , -2.35299206,  0.        , -2.41867135,
       -2.19066615, -2.45249595,  0.        ,  0.        ,  0.        ,
        0.        ,  0.        ,  0.        ,  0.        ,  0.        ,
        0.        ])
2025-07-09 22:17:00,813 - INFO - num_full_subsets = 1
2025-07-09 22:17:00,813 - INFO - remaining_weight_vector = array([0.15301406, 0.10438169, 0.08015022, 0.06568408, 0.05610516,
       0.04932321, 0.04429354, 0.04043615, 0.03740344, 0.03497464,
       0.03300303, 0.0313875 , 0.03005633, 0.0289575 , 0.02805258,
       0.02731285, 0.02671674, 0.02624803, 0.02589469, 0.02564807,
       0.02550234, 0.02545414])
2025-07-09 22:17:00,813 - INFO - num_paired_subset_sizes = 22
2025-07-09 22:17:00,827 - INFO - weight_left = 0.7674097178519277
2025-07-09 22:17:00,837 - INFO - np.sum(w_aug) = 46.000000000000014
2025-07-09 22:17:00,837 - INFO - np.sum(self.kernelWeights) = 1.0000000000000004
2025-07-09 22:17:00,841 - INFO - phi = array([ 0.        ,  0.        ,  0.        ,  0.        , -0.29766747,
        1.86733938,  0.        ,  0.        , -0.56851233,  0.        ,
        0.        ,  0.        ,  0.        ,  0.        ,  0.        ,
        0.        ,  0.        ,  0.        ,  0.        ,  0.        ,
        0.        ,  0.        ,  0.        ,  0.        , -0.21688819,
        0.        , -0.61926741,  0.        ,  0.        ,  0.        ,
       -0.86508278,  0.        , -0.69918828,  0.        , -0.73213249,
       -0.84997175, -0.47607275,  0.        ,  0.        ,  0.        ,
        0.        ,  0.        ,  0.        ,  0.        ,  0.        ,
        0.        ])
2025-07-09 22:17:00,846 - INFO - num_full_subsets = 1
2025-07-09 22:17:00,846 - INFO - remaining_weight_vector = array([0.15301406, 0.10438169, 0.08015022, 0.06568408, 0.05610516,
       0.04932321, 0.04429354, 0.04043615, 0.03740344, 0.03497464,
       0.03300303, 0.0313875 , 0.03005633, 0.0289575 , 0.02805258,
       0.02731285, 0.02671674, 0.02624803, 0.02589469, 0.02564807,
       0.02550234, 0.02545414])
2025-07-09 22:17:00,846 - INFO - num_paired_subset_sizes = 22
2025-07-09 22:17:00,860 - INFO - weight_left = 0.7674097178519277
2025-07-09 22:17:00,869 - INFO - np.sum(w_aug) = 46.000000000000014
2025-07-09 22:17:00,869 - INFO - np.sum(self.kernelWeights) = 1.0000000000000004
2025-07-09 22:17:00,873 - INFO - phi = array([0.        , 0.        , 0.        , 0.        , 2.47670069,
       0.        , 0.        , 5.32551307, 0.        , 0.        ,
       0.        , 0.        , 0.        , 0.        , 0.        ,
       0.        , 0.        , 0.        , 0.        , 0.        ,
       0.        , 0.        , 0.        , 0.        , 0.        ,
       0.        , 1.55969103, 3.68125032, 0.        , 0.        ,
       1.82438312, 0.        , 6.21114626, 0.        , 6.37323882,
       5.35322483, 6.6612128 , 0.        , 0.        , 0.        ,
       0.        , 0.        , 0.        , 0.        , 0.        ,
       0.95453666])
2025-07-09 22:17:00,878 - INFO - num_full_subsets = 1
2025-07-09 22:17:00,879 - INFO - remaining_weight_vector = array([0.15301406, 0.10438169, 0.08015022, 0.06568408, 0.05610516,
       0.04932321, 0.04429354, 0.04043615, 0.03740344, 0.03497464,
       0.03300303, 0.0313875 , 0.03005633, 0.0289575 , 0.02805258,
       0.02731285, 0.02671674, 0.02624803, 0.02589469, 0.02564807,
       0.02550234, 0.02545414])
2025-07-09 22:17:00,879 - INFO - num_paired_subset_sizes = 22
2025-07-09 22:17:00,893 - INFO - weight_left = 0.7674097178519277
2025-07-09 22:17:00,902 - INFO - np.sum(w_aug) = 46.000000000000014
2025-07-09 22:17:00,902 - INFO - np.sum(self.kernelWeights) = 1.0000000000000004
2025-07-09 22:17:00,906 - INFO - phi = array([0.        , 0.        , 0.        , 0.        , 1.02506215,
       1.45691159, 0.        , 3.0401029 , 0.        , 0.        ,
       0.        , 0.12610812, 0.        , 0.        , 0.        ,
       0.        , 0.        , 0.        , 0.        , 0.        ,
       0.        , 0.        , 0.        , 0.        , 0.        ,
       0.        , 0.        , 0.        , 0.        , 0.        ,
       0.        , 0.        , 2.48445377, 0.        , 2.58992843,
       2.2566738 , 3.06404736, 0.        , 0.        , 0.        ,
       0.        , 0.        , 0.        , 0.13841839, 0.        ,
       0.4903584 ])
2025-07-09 22:17:00,912 - INFO - num_full_subsets = 1
2025-07-09 22:17:00,912 - INFO - remaining_weight_vector = array([0.15301406, 0.10438169, 0.08015022, 0.06568408, 0.05610516,
       0.04932321, 0.04429354, 0.04043615, 0.03740344, 0.03497464,
       0.03300303, 0.0313875 , 0.03005633, 0.0289575 , 0.02805258,
       0.02731285, 0.02671674, 0.02624803, 0.02589469, 0.02564807,
       0.02550234, 0.02545414])
2025-07-09 22:17:00,912 - INFO - num_paired_subset_sizes = 22
2025-07-09 22:17:00,927 - INFO - weight_left = 0.7674097178519277
2025-07-09 22:17:00,936 - INFO - np.sum(w_aug) = 46.000000000000014
2025-07-09 22:17:00,936 - INFO - np.sum(self.kernelWeights) = 1.0000000000000004
2025-07-09 22:17:00,940 - INFO - phi = array([0.        , 0.        , 0.        , 0.        , 0.06768877,
       0.77680702, 0.        , 0.75953557, 0.        , 0.        ,
       0.        , 0.        , 0.        , 0.        , 0.        ,
       0.        , 0.        , 0.        , 0.        , 0.        ,
       0.17586109, 0.        , 0.        , 0.        , 0.        ,
       0.        , 0.        , 1.13830531, 0.        , 0.        ,
       0.        , 0.        , 0.28909914, 0.        , 0.32562401,
       0.        , 0.85214575, 0.        , 0.        , 0.        ,
       0.02996759, 0.        , 0.        , 0.        , 0.        ,
       0.53499238])
2025-07-09 22:17:00,945 - INFO - num_full_subsets = 1
2025-07-09 22:17:00,945 - INFO - remaining_weight_vector = array([0.15301406, 0.10438169, 0.08015022, 0.06568408, 0.05610516,
       0.04932321, 0.04429354, 0.04043615, 0.03740344, 0.03497464,
       0.03300303, 0.0313875 , 0.03005633, 0.0289575 , 0.02805258,
       0.02731285, 0.02671674, 0.02624803, 0.02589469, 0.02564807,
       0.02550234, 0.02545414])
2025-07-09 22:17:00,946 - INFO - num_paired_subset_sizes = 22
2025-07-09 22:17:00,960 - INFO - weight_left = 0.7674097178519277
2025-07-09 22:17:00,970 - INFO - np.sum(w_aug) = 46.000000000000014
2025-07-09 22:17:00,970 - INFO - np.sum(self.kernelWeights) = 1.0000000000000004
2025-07-09 22:17:00,976 - INFO - phi = array([ 0.        ,  0.        ,  0.        ,  0.        , -1.4754054 ,
        0.        ,  0.        , -5.54740848, -1.07405262,  0.        ,
        0.        ,  0.        ,  0.        ,  0.        ,  0.        ,
        0.        ,  0.        ,  0.        ,  0.        ,  0.        ,
        0.        ,  0.        ,  0.        ,  0.        ,  0.        ,
        0.        , -1.37668458, -0.78794183,  0.        ,  0.        ,
       -1.05504952,  0.        , -2.842988  ,  0.        , -3.02630759,
       -2.18776439, -3.89971291,  0.        ,  0.        ,  0.        ,
        0.        ,  0.        ,  0.        ,  0.        ,  0.        ,
        0.        ])
2025-07-09 22:17:00,981 - INFO - num_full_subsets = 1
2025-07-09 22:17:00,981 - INFO - remaining_weight_vector = array([0.15301406, 0.10438169, 0.08015022, 0.06568408, 0.05610516,
       0.04932321, 0.04429354, 0.04043615, 0.03740344, 0.03497464,
       0.03300303, 0.0313875 , 0.03005633, 0.0289575 , 0.02805258,
       0.02731285, 0.02671674, 0.02624803, 0.02589469, 0.02564807,
       0.02550234, 0.02545414])
2025-07-09 22:17:00,981 - INFO - num_paired_subset_sizes = 22
2025-07-09 22:17:00,996 - INFO - weight_left = 0.7674097178519277
2025-07-09 22:17:01,005 - INFO - np.sum(w_aug) = 46.000000000000014
2025-07-09 22:17:01,005 - INFO - np.sum(self.kernelWeights) = 1.0000000000000004
2025-07-09 22:17:01,010 - INFO - phi = array([ 0.        ,  0.        , -1.36976965,  0.        ,  0.77654997,
       -2.46442081,  0.        ,  1.12225607,  0.        ,  0.        ,
        0.        ,  0.        ,  0.        ,  0.        ,  0.        ,
        0.        ,  0.        ,  0.        ,  0.        ,  0.        ,
        0.        ,  0.        ,  0.        ,  0.        ,  0.        ,
        0.        ,  0.        , -3.1186446 ,  0.        ,  0.        ,
        0.        ,  0.        ,  1.76115493,  0.        ,  1.87161228,
        1.97556858,  1.30612013,  0.        ,  0.        ,  0.        ,
        0.        ,  0.        ,  0.        ,  0.        ,  0.        ,
        0.73671735])
2025-07-09 22:17:01,015 - INFO - num_full_subsets = 1
2025-07-09 22:17:01,015 - INFO - remaining_weight_vector = array([0.15301406, 0.10438169, 0.08015022, 0.06568408, 0.05610516,
       0.04932321, 0.04429354, 0.04043615, 0.03740344, 0.03497464,
       0.03300303, 0.0313875 , 0.03005633, 0.0289575 , 0.02805258,
       0.02731285, 0.02671674, 0.02624803, 0.02589469, 0.02564807,
       0.02550234, 0.02545414])
2025-07-09 22:17:01,015 - INFO - num_paired_subset_sizes = 22
2025-07-09 22:17:01,029 - INFO - weight_left = 0.7674097178519277
2025-07-09 22:17:01,038 - INFO - np.sum(w_aug) = 46.000000000000014
2025-07-09 22:17:01,038 - INFO - np.sum(self.kernelWeights) = 1.0000000000000004
2025-07-09 22:17:01,042 - INFO - phi = array([ 0.        ,  0.        , -0.81965973,  0.        ,  0.        ,
       -2.51919216,  0.        ,  0.        ,  1.16378889,  0.        ,
        0.        ,  0.        ,  0.        ,  0.        ,  0.        ,
       -0.48396495,  0.        ,  0.        ,  0.        ,  0.        ,
        0.        ,  0.        ,  0.        ,  0.        ,  0.        ,
        0.        ,  0.67693326, -6.69369985,  0.        ,  0.        ,
        0.83565001,  0.        ,  0.        ,  0.        ,  0.        ,
        0.60099729,  0.        , -0.32425463,  0.        ,  0.        ,
        0.        ,  0.        ,  0.        ,  0.        ,  0.        ,
       -0.84951135])
2025-07-09 22:17:01,402 - INFO - Model Feature Imp using ShAp Complete ..
2025-07-09 22:17:01,402 - INFO - Hypothesis_testing ..
2025-07-09 22:17:01,403 - INFO - GRU
2025-07-09 22:17:01,404 - INFO - significane_value:  0.05
2025-07-09 22:17:01,404 - INFO - t-statistic:    -21.0415
2025-07-09 22:17:01,404 - INFO - H0:  1.5
2025-07-09 22:17:01,404 - INFO - one-sided p-value: 1.51e-02
2025-07-09 22:17:01,404 - INFO - MAE_sample_mean: 1.4815
2025-07-09 22:17:01,404 - INFO - 95%_confidence_interval: [1.4703, 1.4927]
2025-07-09 22:17:01,405 - INFO - p = 1.51e-02 < 0.05: reject H
2025-07-09 22:17:01,405 - INFO - LSTM
2025-07-09 22:17:01,405 - INFO - significane_value:  0.05
2025-07-09 22:17:01,405 - INFO - t-statistic:    0.1247
2025-07-09 22:17:01,406 - INFO - H0:  1.5
2025-07-09 22:17:01,406 - INFO - one-sided p-value: 4.61e-01
2025-07-09 22:17:01,406 - INFO - MAE_sample_mean: 1.5178
2025-07-09 22:17:01,406 - INFO - 95%_confidence_interval: [-0.2975, 3.3331]
2025-07-09 22:17:01,406 - INFO - p = 4.61e-01  0.05: cannot reject H
2025-07-09 22:17:01,406 - INFO - RNN
2025-07-09 22:17:01,406 - INFO - significane_value:  0.05
2025-07-09 22:17:01,406 - INFO - t-statistic:    -3.8029
2025-07-09 22:17:01,407 - INFO - H0:  1.5
2025-07-09 22:17:01,407 - INFO - one-sided p-value: 8.18e-02
2025-07-09 22:17:01,407 - INFO - MAE_sample_mean: 1.4158
2025-07-09 22:17:01,407 - INFO - 95%_confidence_interval: [1.1346, 1.6971]
2025-07-09 22:17:01,407 - INFO - p = 8.18e-02  0.05: cannot reject H
2025-07-09 22:17:01,407 - INFO - Hypothesis Testing Complete ..
